2020-01-21 10:01:17,067 WARN For [program:lansync_1], redirect_stderr=true but stderr_logfile has also been set to a filename, the filename has been ignored
2020-01-21 10:01:17,068 WARN For [program:lansync_2], redirect_stderr=true but stderr_logfile has also been set to a filename, the filename has been ignored
2020-01-21 10:01:17,068 WARN For [program:lansync_3], redirect_stderr=true but stderr_logfile has also been set to a filename, the filename has been ignored
2020-01-21 10:01:17,068 WARN For [program:lansync_4], redirect_stderr=true but stderr_logfile has also been set to a filename, the filename has been ignored
2020-01-21 10:01:17,068 WARN For [program:lansync_5], redirect_stderr=true but stderr_logfile has also been set to a filename, the filename has been ignored
2020-01-21 10:01:17,068 WARN For [program:lansync_6], redirect_stderr=true but stderr_logfile has also been set to a filename, the filename has been ignored
2020-01-21 10:01:17,068 WARN For [program:lansync_7], redirect_stderr=true but stderr_logfile has also been set to a filename, the filename has been ignored
2020-01-21 10:01:17,068 WARN For [program:lansync_8], redirect_stderr=true but stderr_logfile has also been set to a filename, the filename has been ignored
2020-01-21 10:01:17,068 WARN For [program:lansync_9], redirect_stderr=true but stderr_logfile has also been set to a filename, the filename has been ignored
2020-01-21 10:01:17,200 INFO RPC interface 'supervisor' initialized
2020-01-21 10:01:17,201 CRIT Server 'inet_http_server' running without any HTTP authentication checking
2020-01-21 10:01:17,201 INFO supervisord started with pid 30879
2020-01-21 10:01:18,203 INFO spawned: 'lansync_1' with pid 30903
2020-01-21 10:01:18,205 INFO spawned: 'lansync_2' with pid 30906
2020-01-21 10:01:18,206 INFO spawned: 'lansync_3' with pid 30917
2020-01-21 10:01:18,208 INFO spawned: 'lansync_4' with pid 30949
2020-01-21 10:01:18,210 INFO spawned: 'lansync_5' with pid 30950
2020-01-21 10:01:18,212 INFO spawned: 'lansync_6' with pid 30951
2020-01-21 10:01:18,214 INFO spawned: 'lansync_7' with pid 30952
2020-01-21 10:01:18,217 INFO spawned: 'lansync_8' with pid 30953
2020-01-21 10:01:18,220 INFO spawned: 'lansync_9' with pid 30954
2020-01-21 10:01:19,221 INFO success: lansync_1 entered RUNNING state, process has stayed up for > than 1 seconds (startsecs)
2020-01-21 10:01:19,221 INFO success: lansync_2 entered RUNNING state, process has stayed up for > than 1 seconds (startsecs)
2020-01-21 10:01:19,221 INFO success: lansync_3 entered RUNNING state, process has stayed up for > than 1 seconds (startsecs)
2020-01-21 10:01:19,222 INFO success: lansync_4 entered RUNNING state, process has stayed up for > than 1 seconds (startsecs)
2020-01-21 10:01:19,222 INFO success: lansync_5 entered RUNNING state, process has stayed up for > than 1 seconds (startsecs)
2020-01-21 10:01:19,222 INFO success: lansync_6 entered RUNNING state, process has stayed up for > than 1 seconds (startsecs)
2020-01-21 10:01:19,222 INFO success: lansync_7 entered RUNNING state, process has stayed up for > than 1 seconds (startsecs)
2020-01-21 10:01:19,222 INFO success: lansync_8 entered RUNNING state, process has stayed up for > than 1 seconds (startsecs)
2020-01-21 10:01:19,222 INFO success: lansync_9 entered RUNNING state, process has stayed up for > than 1 seconds (startsecs)
2020-01-21 10:02:54,624 WARN received SIGINT indicating exit request
2020-01-21 10:02:54,625 INFO waiting for lansync_1, lansync_2, lansync_3, lansync_4, lansync_5, lansync_6, lansync_7, lansync_8, lansync_9 to die
2020-01-21 10:02:54,986 INFO stopped: lansync_9 (terminated by SIGQUIT (core dumped))
2020-01-21 10:02:55,171 INFO stopped: lansync_8 (terminated by SIGQUIT (core dumped))
2020-01-21 10:02:55,289 INFO stopped: lansync_7 (terminated by SIGQUIT (core dumped))
2020-01-21 10:02:55,415 INFO stopped: lansync_6 (terminated by SIGQUIT (core dumped))
2020-01-21 10:02:55,511 INFO stopped: lansync_5 (terminated by SIGQUIT (core dumped))
2020-01-21 10:02:56,137 INFO stopped: lansync_4 (terminated by SIGQUIT (core dumped))
2020-01-21 10:02:56,274 INFO stopped: lansync_3 (terminated by SIGQUIT (core dumped))
2020-01-21 10:02:56,403 INFO stopped: lansync_2 (terminated by SIGQUIT (core dumped))
2020-01-21 10:02:56,504 INFO stopped: lansync_1 (terminated by SIGQUIT (core dumped))
2020-01-21 10:25:16,912 WARN For [program:lansync_1], redirect_stderr=true but stderr_logfile has also been set to a filename, the filename has been ignored
2020-01-21 10:25:16,912 WARN For [program:lansync_2], redirect_stderr=true but stderr_logfile has also been set to a filename, the filename has been ignored
2020-01-21 10:25:16,912 WARN For [program:lansync_3], redirect_stderr=true but stderr_logfile has also been set to a filename, the filename has been ignored
2020-01-21 10:25:16,912 WARN For [program:lansync_4], redirect_stderr=true but stderr_logfile has also been set to a filename, the filename has been ignored
2020-01-21 10:25:16,912 WARN For [program:lansync_5], redirect_stderr=true but stderr_logfile has also been set to a filename, the filename has been ignored
2020-01-21 10:25:16,912 WARN For [program:lansync_6], redirect_stderr=true but stderr_logfile has also been set to a filename, the filename has been ignored
2020-01-21 10:25:16,912 WARN For [program:lansync_7], redirect_stderr=true but stderr_logfile has also been set to a filename, the filename has been ignored
2020-01-21 10:25:16,912 WARN For [program:lansync_8], redirect_stderr=true but stderr_logfile has also been set to a filename, the filename has been ignored
2020-01-21 10:25:16,912 WARN For [program:lansync_9], redirect_stderr=true but stderr_logfile has also been set to a filename, the filename has been ignored
2020-01-21 10:25:17,048 INFO RPC interface 'supervisor' initialized
2020-01-21 10:25:17,048 CRIT Server 'inet_http_server' running without any HTTP authentication checking
2020-01-21 10:25:17,049 INFO supervisord started with pid 26901
2020-01-21 10:25:18,052 INFO spawned: 'lansync_1' with pid 26904
2020-01-21 10:25:18,057 INFO spawned: 'lansync_2' with pid 26905
2020-01-21 10:25:18,061 INFO spawned: 'lansync_3' with pid 26906
2020-01-21 10:25:18,062 INFO spawned: 'lansync_4' with pid 26907
2020-01-21 10:25:18,064 INFO spawned: 'lansync_5' with pid 26908
2020-01-21 10:25:18,066 INFO spawned: 'lansync_6' with pid 26909
2020-01-21 10:25:18,068 INFO spawned: 'lansync_7' with pid 26910
2020-01-21 10:25:18,070 INFO spawned: 'lansync_8' with pid 26911
2020-01-21 10:25:18,071 INFO spawned: 'lansync_9' with pid 26912
2020-01-21 10:25:19,072 INFO success: lansync_1 entered RUNNING state, process has stayed up for > than 1 seconds (startsecs)
2020-01-21 10:25:19,073 INFO success: lansync_2 entered RUNNING state, process has stayed up for > than 1 seconds (startsecs)
2020-01-21 10:25:19,073 INFO success: lansync_3 entered RUNNING state, process has stayed up for > than 1 seconds (startsecs)
2020-01-21 10:25:19,073 INFO success: lansync_4 entered RUNNING state, process has stayed up for > than 1 seconds (startsecs)
2020-01-21 10:25:19,073 INFO success: lansync_5 entered RUNNING state, process has stayed up for > than 1 seconds (startsecs)
2020-01-21 10:25:19,073 INFO success: lansync_6 entered RUNNING state, process has stayed up for > than 1 seconds (startsecs)
2020-01-21 10:25:19,073 INFO success: lansync_7 entered RUNNING state, process has stayed up for > than 1 seconds (startsecs)
2020-01-21 10:25:19,073 INFO success: lansync_8 entered RUNNING state, process has stayed up for > than 1 seconds (startsecs)
2020-01-21 10:25:19,073 INFO success: lansync_9 entered RUNNING state, process has stayed up for > than 1 seconds (startsecs)
2020-01-21 10:26:12,224 WARN received SIGINT indicating exit request
2020-01-21 10:26:12,225 INFO waiting for lansync_1, lansync_2, lansync_3, lansync_4, lansync_5, lansync_6, lansync_7, lansync_8, lansync_9 to die
2020-01-21 10:26:12,330 INFO stopped: lansync_9 (terminated by SIGQUIT (core dumped))
2020-01-21 10:26:12,427 INFO stopped: lansync_8 (terminated by SIGQUIT (core dumped))
2020-01-21 10:26:12,528 INFO stopped: lansync_7 (terminated by SIGQUIT (core dumped))
2020-01-21 10:26:12,637 INFO stopped: lansync_6 (terminated by SIGQUIT (core dumped))
2020-01-21 10:26:12,748 INFO stopped: lansync_5 (terminated by SIGQUIT (core dumped))
2020-01-21 10:26:12,845 INFO stopped: lansync_4 (terminated by SIGQUIT (core dumped))
2020-01-21 10:26:12,943 INFO stopped: lansync_3 (terminated by SIGQUIT (core dumped))
2020-01-21 10:26:13,043 INFO stopped: lansync_2 (terminated by SIGQUIT (core dumped))
2020-01-21 10:26:13,043 WARN received SIGINT indicating exit request
2020-01-21 10:26:13,139 INFO stopped: lansync_1 (terminated by SIGQUIT (core dumped))
